java.lang.RuntimeException: Unable to start activity ComponentInfo{com.xfl.msgbot/com.xfl.msgbot.application.activity.debugroom.DebugRoomSettings}: androidx.fragment.app.Fragment$InstantiationException: Unable to instantiate fragment com.xfl.msgbot.application.activity.debugroom.DebugRoomSettingsFragment: could not find Fragment constructor
	at android.app.ActivityThread.performLaunchActivity(ActivityThread.java:3623)
	at android.app.ActivityThread.handleLaunchActivity(ActivityThread.java:3775)
	at android.app.servertransaction.LaunchActivityItem.execute(LaunchActivityItem.java:83)
	at android.app.servertransaction.TransactionExecutor.executeCallbacks(TransactionExecutor.java:135)
	at android.app.servertransaction.TransactionExecutor.execute(TransactionExecutor.java:95)
	at android.app.ActivityThread$H.handleMessage(ActivityThread.java:2261)
	at android.os.Handler.dispatchMessage(Handler.java:107)
	at android.os.Looper.loop(Looper.java:237)
	at android.app.ActivityThread.main(ActivityThread.java:8107)
	at java.lang.reflect.Method.invoke(Native Method)
	at com.android.internal.os.RuntimeInit$MethodAndArgsCaller.run(RuntimeInit.java:496)
	at com.android.internal.os.ZygoteInit.main(ZygoteInit.java:1100)
Caused by: androidx.fragment.app.Fragment$InstantiationException: Unable to instantiate fragment com.xfl.msgbot.application.activity.debugroom.DebugRoomSettingsFragment: could not find Fragment constructor
	at androidx.fragment.app.Fragment.instantiate(Fragment.java:8)
	at androidx.fragment.app.FragmentContainer.instantiate(FragmentContainer.java:1)
	at androidx.fragment.app.FragmentManager$c.instantiate(FragmentManager.java:3)
	at androidx.fragment.app.q.<init>(FragmentStateManager.java:8)
	at androidx.fragment.app.FragmentManager.a0(FragmentManager.java:13)
	at androidx.fragment.app.FragmentController.restoreSaveState(FragmentController.java:2)
	at androidx.fragment.app.FragmentActivity.onCreate(FragmentActivity.java:3)
	at androidx.appcompat.app.AppCompatActivity.onCreate(AppCompatActivity.java:4)
	at com.xfl.msgbot.utils.AppScopeActivity.onCreate(AppScopeActivity.kt:4)
	at com.xfl.msgbot.application.activity.debugroom.DebugRoomSettings.onCreate(DebugRoomSettings.kt:1)
	at android.app.Activity.performCreate(Activity.java:7957)
	at android.app.Activity.performCreate(Activity.java:7946)
	at android.app.Instrumentation.callActivityOnCreate(Instrumentation.java:1307)
	at android.app.ActivityThread.performLaunchActivity(ActivityThread.java:3598)
	... 11 more
Caused by: java.lang.NoSuchMethodException: com.xfl.msgbot.application.activity.debugroom.DebugRoomSettingsFragment.<init> []
	at java.lang.Class.getConstructor0(Class.java:2332)
	at java.lang.Class.getConstructor(Class.java:1728)
	at androidx.fragment.app.Fragment.instantiate(Fragment.java:4)
	... 24 more
